[debug] [2022-07-13T07:50:42.506Z] ----------------------------------------------------------------------
[debug] [2022-07-13T07:50:42.508Z] Command:       C:\Program Files\nodejs\node.exe C:\Users\SugarDaddy\AppData\Roaming\npm\node_modules\firebase-tools\lib\bin\firebase.js login
[debug] [2022-07-13T07:50:42.508Z] CLI Version:   11.2.2
[debug] [2022-07-13T07:50:42.508Z] Platform:      win32
[debug] [2022-07-13T07:50:42.509Z] Node Version:  v16.15.0
[debug] [2022-07-13T07:50:42.509Z] Time:          Wed Jul 13 2022 13:20:42 GMT+0530 (India Standard Time)
[debug] [2022-07-13T07:50:42.510Z] ----------------------------------------------------------------------
[debug] 
[info] i  Firebase optionally collects CLI usage and error reporting information to help improve our products. Data is collected in accordance with Google's privacy policy (https://policies.google.com/privacy) and is not used to identify you.
 
[info] 
[info] Visit this URL on this device to log in:
[info] https://accounts.google.com/o/oauth2/auth?client_id=563584335869-fgrhgmd47bqnekij5i8b5pr03ho849e6.apps.googleusercontent.com&scope=email%20openid%20https%3A%2F%2Fwww.googleapis.com%2Fauth%2Fcloudplatformprojects.readonly%20https%3A%2F%2Fwww.googleapis.com%2Fauth%2Ffirebase%20https%3A%2F%2Fwww.googleapis.com%2Fauth%2Fcloud-platform&response_type=code&state=1004440179&redirect_uri=http%3A%2F%2Flocalhost%3A9005
[info] 
[info] Waiting for authentication...
[debug] [2022-07-13T07:50:46.828Z] Error: spawn cmd ENOENT
    at Process.ChildProcess._handle.onexit (node:internal/child_process:283:19)
    at onErrorNT (node:internal/child_process:478:16)
    at processTicksAndRejections (node:internal/process/task_queues:83:21)
[error] 
[error] Error: An unexpected error has occurred.
